<?xml version="1.0" encoding="UTF-8"?>

<beans xmlns="http://www.springframework.org/schema/beans"
	xmlns:xsi="http://www.w3.org/2001/XMLSchema-instance" xmlns:context="http://www.springframework.org/schema/context"
	xmlns:p="http://www.springframework.org/schema/p" xmlns:sec="http://www.springframework.org/schema/security"
	xmlns:tx="http://www.springframework.org/schema/tx" xmlns:util="http://www.springframework.org/schema/util"
	xsi:schemaLocation="http://www.springframework.org/schema/beans http://www.springframework.org/schema/beans/spring-beans-3.0.xsd
		http://www.springframework.org/schema/context http://www.springframework.org/schema/context/spring-context-3.0.xsd
		http://www.springframework.org/schema/security http://www.springframework.org/schema/security/spring-security-2.0.xsd
		http://www.springframework.org/schema/tx http://www.springframework.org/schema/tx/spring-tx-3.0.xsd
		http://www.springframework.org/schema/util http://www.springframework.org/schema/util/spring-util-3.0.xsd">

	<context:annotation-config />

	<context:property-placeholder
		ignore-unresolvable="true" location="classpath:${packageInPathFormat}/test-context/cfg-hsqldb-jpa.properties" />

	<tx:annotation-driven />

	<import resource="classpath:${packageInPathFormat}/context/common/sdocommon-orm.xml" />

	<bean id="exampleDAO" 
	    class="${package}.dao.impl.ExampleDAOImpl" />	
	
	<bean id="exampleService" 
	    class="${package}.service.impl.ExampleTransactionalServiceImpl" />  	


</beans>